[debug] [2018-07-26T17:05:24.238Z] ----------------------------------------------------------------------
[debug] [2018-07-26T17:05:24.254Z] Command:       C:\Program Files\nodejs\node.exe C:\Users\Arjun\AppData\Roaming\npm\node_modules\firebase-tools\bin\firebase serve
[debug] [2018-07-26T17:05:24.254Z] CLI Version:   3.19.3
[debug] [2018-07-26T17:05:24.254Z] Platform:      win32
[debug] [2018-07-26T17:05:24.254Z] Node Version:  v8.11.1
[debug] [2018-07-26T17:05:24.254Z] Time:          Thu Jul 26 2018 22:35:24 GMT+0530 (India Standard Time)
[debug] [2018-07-26T17:05:24.254Z] ----------------------------------------------------------------------
[debug] 
[debug] [2018-07-26T17:05:24.269Z] > command requires scopes: ["email","openid","https://www.googleapis.com/auth/cloudplatformprojects.readonly","https://www.googleapis.com/auth/firebase","https://www.googleapis.com/auth/cloud-platform"]
[debug] [2018-07-26T17:05:24.269Z] > authorizing via signed-in user
[debug] [2018-07-26T17:05:24.269Z] >>> HTTP REQUEST GET https://admin.firebase.com/v1/projects/ajmah-2a334  
  
 Thu Jul 26 2018 22:35:24 GMT+0530 (India Standard Time)
[debug] [2018-07-26T17:05:26.204Z] <<< HTTP RESPONSE 200
[debug] [2018-07-26T17:05:26.205Z] >>> HTTP REQUEST GET https://admin.firebase.com/v1/database/ajmah-2a334/tokens  
  
 Thu Jul 26 2018 22:35:26 GMT+0530 (India Standard Time)
[debug] [2018-07-26T17:05:27.801Z] <<< HTTP RESPONSE 200
[debug] [2018-07-26T17:05:27.801Z] >>> HTTP REQUEST GET https://cloudresourcemanager.googleapis.com/v1/projects/ajmah-2a334  
  
 Thu Jul 26 2018 22:35:27 GMT+0530 (India Standard Time)
[debug] [2018-07-26T17:05:30.038Z] <<< HTTP RESPONSE 200
[info] 
[info] === Serving from 'C:\Arjun\websites\ajmah-admin'...
[info] 
[info] i  functions: Preparing to emulate functions.
[debug] [2018-07-26T17:05:32.271Z] Fetching environment
[debug] [2018-07-26T17:05:32.271Z] >>> HTTP REQUEST GET https://mobilesdk-pa.googleapis.com/v1/projects/430990212356:getServerAppConfig  
  
 Thu Jul 26 2018 22:35:32 GMT+0530 (India Standard Time)
[debug] [2018-07-26T17:05:33.880Z] <<< HTTP RESPONSE 200
[debug] [2018-07-26T17:05:33.881Z] Starting @google-cloud/functions-emulator
[debug] [2018-07-26T17:05:37.013Z] Parsing function triggers
[info] +  functions: getLatestProducts: http://localhost:5000/ajmah-2a334/us-central1/getLatestProducts
[info] +  functions: searchProduct: http://localhost:5000/ajmah-2a334/us-central1/searchProduct
[info] +  functions: getUserID: http://localhost:5000/ajmah-2a334/us-central1/getUserID
[info] Shutting down...
[debug] [2018-07-26T17:07:46.942Z] ----------------------------------------------------------------------
[debug] [2018-07-26T17:07:46.942Z] Command:       C:\Program Files\nodejs\node.exe C:\Users\Arjun\AppData\Roaming\npm\node_modules\firebase-tools\bin\firebase serve
[debug] [2018-07-26T17:07:46.942Z] CLI Version:   3.19.3
[debug] [2018-07-26T17:07:46.942Z] Platform:      win32
[debug] [2018-07-26T17:07:46.942Z] Node Version:  v8.11.1
[debug] [2018-07-26T17:07:46.942Z] Time:          Thu Jul 26 2018 22:37:46 GMT+0530 (India Standard Time)
[debug] [2018-07-26T17:07:46.942Z] ----------------------------------------------------------------------
[debug] 
[debug] [2018-07-26T17:07:46.958Z] > command requires scopes: ["email","openid","https://www.googleapis.com/auth/cloudplatformprojects.readonly","https://www.googleapis.com/auth/firebase","https://www.googleapis.com/auth/cloud-platform"]
[debug] [2018-07-26T17:07:46.958Z] > authorizing via signed-in user
[debug] [2018-07-26T17:07:46.958Z] >>> HTTP REQUEST GET https://admin.firebase.com/v1/projects/ajmah-2a334  
  
 Thu Jul 26 2018 22:37:46 GMT+0530 (India Standard Time)
[debug] [2018-07-26T17:07:48.915Z] <<< HTTP RESPONSE 200
[debug] [2018-07-26T17:07:48.915Z] >>> HTTP REQUEST GET https://admin.firebase.com/v1/database/ajmah-2a334/tokens  
  
 Thu Jul 26 2018 22:37:48 GMT+0530 (India Standard Time)
[debug] [2018-07-26T17:07:50.584Z] <<< HTTP RESPONSE 200
[debug] [2018-07-26T17:07:50.588Z] >>> HTTP REQUEST GET https://cloudresourcemanager.googleapis.com/v1/projects/ajmah-2a334  
  
 Thu Jul 26 2018 22:37:50 GMT+0530 (India Standard Time)
[debug] [2018-07-26T17:07:52.825Z] <<< HTTP RESPONSE 200
[info] 
[info] === Serving from 'C:\Arjun\websites\ajmah-admin'...
[info] 
[info] i  functions: Preparing to emulate functions.
[debug] [2018-07-26T17:07:53.896Z] Fetching environment
[debug] [2018-07-26T17:07:53.914Z] >>> HTTP REQUEST GET https://mobilesdk-pa.googleapis.com/v1/projects/430990212356:getServerAppConfig  
  
 Thu Jul 26 2018 22:37:53 GMT+0530 (India Standard Time)
[debug] [2018-07-26T17:07:55.180Z] <<< HTTP RESPONSE 200
[debug] [2018-07-26T17:07:55.181Z] Starting @google-cloud/functions-emulator
[debug] [2018-07-26T17:07:57.787Z] Parsing function triggers
[info] +  functions: getUserID: http://localhost:5000/ajmah-2a334/us-central1/getUserID
[info] +  functions: searchProduct: http://localhost:5000/ajmah-2a334/us-central1/searchProduct
[info] +  functions: getLatestProducts: http://localhost:5000/ajmah-2a334/us-central1/getLatestProducts
[debug] [2018-07-26T17:19:29.369Z] ----------------------------------------------------------------------
[debug] [2018-07-26T17:19:29.373Z] Command:       C:\Program Files\nodejs\node.exe C:\Users\Arjun\AppData\Roaming\npm\node_modules\firebase-tools\bin\firebase serve
[debug] [2018-07-26T17:19:29.373Z] CLI Version:   3.19.3
[debug] [2018-07-26T17:19:29.373Z] Platform:      win32
[debug] [2018-07-26T17:19:29.373Z] Node Version:  v8.11.1
[debug] [2018-07-26T17:19:29.374Z] Time:          Thu Jul 26 2018 22:49:29 GMT+0530 (India Standard Time)
[debug] [2018-07-26T17:19:29.374Z] ----------------------------------------------------------------------
[debug] 
[debug] [2018-07-26T17:19:29.392Z] > command requires scopes: ["email","openid","https://www.googleapis.com/auth/cloudplatformprojects.readonly","https://www.googleapis.com/auth/firebase","https://www.googleapis.com/auth/cloud-platform"]
[debug] [2018-07-26T17:19:29.393Z] > authorizing via signed-in user
[debug] [2018-07-26T17:19:29.396Z] > refreshing access token with scopes: ["email","https://www.googleapis.com/auth/cloud-platform","https://www.googleapis.com/auth/cloudplatformprojects.readonly","https://www.googleapis.com/auth/firebase","openid"]
[debug] [2018-07-26T17:19:29.396Z] >>> HTTP REQUEST POST https://www.googleapis.com/oauth2/v3/token  
 { refresh_token: '1/gLFBKQnEWPrwoAxLUu5gbgmW0PLqNQGLSCRtgFJLa8u-5yholMQrJ47FZg6SIb28',
  client_id: '563584335869-fgrhgmd47bqnekij5i8b5pr03ho849e6.apps.googleusercontent.com',
  client_secret: 'j9iVZfS8kkCEFUPaAeJV0sAi',
  grant_type: 'refresh_token',
  scope: 'email https://www.googleapis.com/auth/cloud-platform https://www.googleapis.com/auth/cloudplatformprojects.readonly https://www.googleapis.com/auth/firebase openid' } 
 Thu Jul 26 2018 22:49:29 GMT+0530 (India Standard Time)
[debug] [2018-07-26T17:19:30.321Z] <<< HTTP RESPONSE 200
[debug] [2018-07-26T17:19:30.338Z] >>> HTTP REQUEST GET https://admin.firebase.com/v1/projects/ajmah-2a334  
  
 Thu Jul 26 2018 22:49:30 GMT+0530 (India Standard Time)
[debug] [2018-07-26T17:19:32.357Z] <<< HTTP RESPONSE 200
[debug] [2018-07-26T17:19:32.359Z] >>> HTTP REQUEST GET https://admin.firebase.com/v1/database/ajmah-2a334/tokens  
  
 Thu Jul 26 2018 22:49:32 GMT+0530 (India Standard Time)
[debug] [2018-07-26T17:19:33.800Z] <<< HTTP RESPONSE 200
[debug] [2018-07-26T17:19:33.805Z] >>> HTTP REQUEST GET https://cloudresourcemanager.googleapis.com/v1/projects/ajmah-2a334  
  
 Thu Jul 26 2018 22:49:33 GMT+0530 (India Standard Time)
[debug] [2018-07-26T17:19:35.879Z] <<< HTTP RESPONSE 200
[info] 
[info] === Serving from 'C:\Arjun\websites\ajmah-admin'...
[info] 
[info] i  functions: Preparing to emulate functions.
[debug] [2018-07-26T17:19:37.932Z] Fetching environment
[debug] [2018-07-26T17:19:37.936Z] >>> HTTP REQUEST GET https://mobilesdk-pa.googleapis.com/v1/projects/430990212356:getServerAppConfig  
  
 Thu Jul 26 2018 22:49:37 GMT+0530 (India Standard Time)
[debug] [2018-07-26T17:19:40.710Z] <<< HTTP RESPONSE 200
[debug] [2018-07-26T17:19:40.713Z] Starting @google-cloud/functions-emulator
[debug] [2018-07-26T17:19:44.326Z] Parsing function triggers
[info] +  functions: getUserID: http://localhost:5000/ajmah-2a334/us-central1/getUserID
[info] +  functions: getLatestProducts: http://localhost:5000/ajmah-2a334/us-central1/getLatestProducts
[info] +  functions: searchProduct: http://localhost:5000/ajmah-2a334/us-central1/searchProduct
